26-02-2022 17:41:51.638: info  - Loaded env from /home/aiden/ipmon/.env
26-02-2022 17:41:53.594: info  - Disabled SWC as replacement for Babel because of custom Babel configuration ".babelrc" https://nextjs.org/docs/messages/swc-disabled
26-02-2022 17:41:54.601: event - compiled client and server successfully in 873 ms (155 modules)
26-02-2022 17:41:54.976: > Server listening at http://localhost:3000 as development
26-02-2022 17:42:08.820: wait  - compiling / (client and server)...
26-02-2022 17:42:09.860: event - compiled client and server successfully in 1039 ms (423 modules)
26-02-2022 17:42:12.443: wait  - compiling /api/ips...
26-02-2022 17:42:13.106: info  - Using external babel configuration from /home/aiden/ipmon/.babelrc
26-02-2022 17:42:13.856: event - compiled client and server successfully in 1412 ms (436 modules)
26-02-2022 17:47:45.558: wait  - compiling...
26-02-2022 17:47:46.014: event - compiled client and server successfully in 452 ms (411 modules)
26-02-2022 17:49:56.631: wait  - compiling /api/ips...
26-02-2022 17:49:57.122: event - compiled client and server successfully in 490 ms (424 modules)
26-02-2022 17:50:37.626: wait  - compiling...
26-02-2022 17:50:42.131: event - compiled successfully in 4.5s (381 modules)
26-02-2022 17:58:59.700: wait  - compiling / (client and server)...
26-02-2022 17:59:01.138: event - compiled client and server successfully in 1437 ms (436 modules)
26-02-2022 17:59:03.354: wait  - compiling /_error (client and server)...
26-02-2022 17:59:03.573: event - compiled client and server successfully in 218 ms (437 modules)
26-02-2022 20:50:21.810: info  - Loaded env from /home/aiden/ipmon/.env
26-02-2022 20:50:23.395: info  - Disabled SWC as replacement for Babel because of custom Babel configuration ".babelrc" https://nextjs.org/docs/messages/swc-disabled
26-02-2022 20:50:25.253: event - compiled client and server successfully in 1743 ms (155 modules)
26-02-2022 20:50:25.626: > Server listening at http://localhost:3000 as development
26-02-2022 20:50:25.682: wait  - compiling / (client and server)...
26-02-2022 20:50:26.617: event - compiled client and server successfully in 932 ms (423 modules)
26-02-2022 20:50:28.157: wait  - compiling /api/ips...
26-02-2022 20:50:28.534: event - compiled client and server successfully in 377 ms (436 modules)
26-02-2022 21:00:13.112: wait  - compiling /_error (client and server)...
26-02-2022 21:00:13.477: event - compiled client and server successfully in 363 ms (425 modules)
26-02-2022 21:00:16.195: wait  - compiling / (client and server)...
26-02-2022 21:00:16.393: event - compiled client and server successfully in 197 ms (437 modules)
